<?xml version="1.0" encoding="UTF-8"?>
<!-- Generated by org.testng.reporters.JUnitReportReporter -->
<testsuite hostname="DESKTOP-2TAB682" failures="0" tests="3" name="testTestNG.BusTest" time="0.007" errors="0" timestamp="2019-09-24T15:38:21 COT" skipped="0">
  <testcase classname="testTestNG.BusTest" name="testAsociacion" time="0.002"/>
  <testcase classname="testTestNG.BusTest" name="testCapacidad" time="0.002"/>
  <testcase classname="testTestNG.BusTest" name="testAgregar" time="0.003"/>
</testsuite> <!-- testTestNG.BusTest -->
