<?xml version="1.0" encoding="UTF-8"?>
<!-- Generated by org.testng.reporters.JUnitReportReporter -->
<testsuite hostname="DESKTOP-2TAB682" failures="0" tests="3" name="testTestNG.ConductoreTest" time="0.009" errors="0" timestamp="2019-09-24T15:38:21 COT" skipped="0">
  <testcase classname="testTestNG.ConductoreTest" name="guardarNulo" time="0.004"/>
  <testcase classname="testTestNG.ConductoreTest" name="guardarFecha" time="0.001"/>
  <testcase classname="testTestNG.ConductoreTest" name="guardar" time="0.004"/>
</testsuite> <!-- testTestNG.ConductoreTest -->
