<?xml version="1.0" encoding="UTF-8"?>
<!-- Generated by org.testng.reporters.JUnitReportReporter -->
<testsuite hostname="DESKTOP-2TAB682" failures="0" tests="6" name="testTestNG.TestServicio" time="0.040" errors="0" timestamp="2019-09-24T20:09:55 COT" skipped="0">
  <testcase classname="testTestNG.TestServicio" name="guardarSinConductor" time="0.001"/>
  <testcase classname="testTestNG.TestServicio" name="verificarFechasContratacion" time="0.001"/>
  <testcase classname="testTestNG.TestServicio" name="guardarSinBus" time="0.003"/>
  <testcase classname="testTestNG.TestServicio" name="guardarSinRuta" time="0.012"/>
  <testcase classname="testTestNG.TestServicio" name="inicializar" time="0.002"/>
  <testcase classname="testTestNG.TestServicio" name="guardar" time="0.021"/>
</testsuite> <!-- testTestNG.TestServicio -->
