<?xml version="1.0" encoding="UTF-8"?>
<!-- Generated by org.testng.reporters.JUnitReportReporter -->
<testsuite hostname="DESKTOP-2TAB682" failures="0" tests="3" name="testTestNG.RutaTest" time="0.012" errors="0" timestamp="2019-09-24T18:28:59 COT" skipped="0">
  <testcase classname="testTestNG.RutaTest" name="guardarHoraInicioHoraFin" time="0.009"/>
  <testcase classname="testTestNG.RutaTest" name="guardarSinAsosiaciones" time="0.002"/>
  <testcase classname="testTestNG.RutaTest" name="guardarNulo" time="0.001"/>
</testsuite> <!-- testTestNG.RutaTest -->
